<?xml version="1.0" encoding="UTF-8"?>
<testng-results ignored="0" total="2" passed="2" failed="0" skipped="0">
  <reporter-output>
  </reporter-output>
  <suite started-at="2026-04-05T15:14:30 IST" name="Suite" finished-at="2026-04-05T15:14:44 IST" duration-ms="14633">
    <groups>
      <group name="Master">
        <method signature="TC001_AccountRegistrationPage.testRegister()[pri:0, instance:testCases.TC001_AccountRegistrationPage@488d1cd7]" name="testRegister" class="testCases.TC001_AccountRegistrationPage"/>
      </group> <!-- Master -->
      <group name="Sanity">
        <method signature="TC002_LoginTest.verifyLogin()[pri:0, instance:testCases.TC002_LoginTest@25f4878b]" name="verifyLogin" class="testCases.TC002_LoginTest"/>
      </group> <!-- Sanity -->
      <group name="Regression">
        <method signature="TC001_AccountRegistrationPage.testRegister()[pri:0, instance:testCases.TC001_AccountRegistrationPage@488d1cd7]" name="testRegister" class="testCases.TC001_AccountRegistrationPage"/>
      </group> <!-- Regression -->
    </groups>
    <test started-at="2026-04-05T15:14:30 IST" name="Test" finished-at="2026-04-05T15:14:44 IST" duration-ms="14633">
      <class name="testCases.TC002_LoginTest">
        <test-method is-config="true" signature="setup(java.lang.String,java.lang.String)[pri:0, instance:testCases.TC002_LoginTest@25f4878b]" started-at="2026-04-05T15:14:40 IST" name="setup" finished-at="2026-04-05T15:14:42 IST" duration-ms="2087" status="PASS">
          <params>
            <param index="0">
              <value>
                <![CDATA[chrome]]>
              </value>
            </param>
            <param index="1">
              <value>
                <![CDATA[windows]]>
              </value>
            </param>
          </params>
          <reporter-output>
          </reporter-output>
        </test-method> <!-- setup -->
        <test-method signature="verifyLogin()[pri:0, instance:testCases.TC002_LoginTest@25f4878b]" started-at="2026-04-05T15:14:42 IST" name="verifyLogin" finished-at="2026-04-05T15:14:44 IST" duration-ms="1963" status="PASS">
          <reporter-output>
          </reporter-output>
        </test-method> <!-- verifyLogin -->
        <test-method is-config="true" signature="teardown()[pri:0, instance:testCases.TC002_LoginTest@25f4878b]" started-at="2026-04-05T15:14:44 IST" name="teardown" finished-at="2026-04-05T15:14:44 IST" duration-ms="270" status="PASS">
          <reporter-output>
          </reporter-output>
        </test-method> <!-- teardown -->
      </class> <!-- testCases.TC002_LoginTest -->
      <class name="testCases.TC001_AccountRegistrationPage">
        <test-method is-config="true" signature="setup(java.lang.String,java.lang.String)[pri:0, instance:testCases.TC001_AccountRegistrationPage@488d1cd7]" started-at="2026-04-05T15:14:30 IST" name="setup" finished-at="2026-04-05T15:14:35 IST" duration-ms="5210" status="PASS">
          <params>
            <param index="0">
              <value>
                <![CDATA[chrome]]>
              </value>
            </param>
            <param index="1">
              <value>
                <![CDATA[windows]]>
              </value>
            </param>
          </params>
          <reporter-output>
          </reporter-output>
        </test-method> <!-- setup -->
        <test-method signature="testRegister()[pri:0, instance:testCases.TC001_AccountRegistrationPage@488d1cd7]" started-at="2026-04-05T15:14:35 IST" name="testRegister" finished-at="2026-04-05T15:14:40 IST" duration-ms="4487" status="PASS">
          <reporter-output>
          </reporter-output>
        </test-method> <!-- testRegister -->
        <test-method is-config="true" signature="teardown()[pri:0, instance:testCases.TC001_AccountRegistrationPage@488d1cd7]" started-at="2026-04-05T15:14:40 IST" name="teardown" finished-at="2026-04-05T15:14:40 IST" duration-ms="281" status="PASS">
          <reporter-output>
          </reporter-output>
        </test-method> <!-- teardown -->
      </class> <!-- testCases.TC001_AccountRegistrationPage -->
    </test> <!-- Test -->
  </suite> <!-- Suite -->
</testng-results>
